
> simbora-api@0.0.0 dev /Users/alexcustodio/Projetos/simbora/simbora-api
> node ace serve --hmr

c[ info ] starting HTTP server...
╭──────────────────────────────────────────────────╮
│                                                  │
│    Server address: http://localhost:54836        │
│    Watch Mode: HMR                               │
│    Ready in: 839 ms                              │
│                                                  │
╰──────────────────────────────────────────────────╯
[00:09:07.189] INFO (24968): started HTTP server on localhost:54836
cfull-reload start/routes.ts
╭──────────────────────────────────────────────────╮
│                                                  │
│    Server address: http://localhost:54836        │
│    Watch Mode: HMR                               │
│    Ready in: 921 ms                              │
│                                                  │
╰──────────────────────────────────────────────────╯
[00:14:51.953] INFO (26988): started HTTP server on localhost:54836
